<?xml version="1.0" encoding="UTF-8"?>
<!-- Generated by org.testng.reporters.JUnitXMLReporter -->
<testsuite ignored="0" hostname="LIN51017782" failures="1" tests="1" name="Command line test" time="0.041" errors="0" timestamp="08 Dec 2021 08:28:34 GMT">
  <testcase classname="com.Automation.Test.LoginTest" name="VerifyLogin" time="0.023">
    <failure type="java.lang.NullPointerException" message="Cannot invoke &amp;quot;org.openqa.selenium.WebDriver.get(String)&amp;quot; because &amp;quot;this.driver&amp;quot; is null">
      <![CDATA[java.lang.NullPointerException: Cannot invoke "org.openqa.selenium.WebDriver.get(String)" because "this.driver" is null
at com.Automation.Pages.LoginPage.openurl(LoginPage.java:19)
at com.Automation.Test.LoginTest.VerifyLogin(LoginTest.java:18)
... Removed 35 stack frames]]>
    </failure>
  </testcase> <!-- VerifyLogin -->
</testsuite> <!-- Command line test -->
