<?xml version="1.0" encoding="UTF-8"?>
<testng-results ignored="0" total="1" passed="1" failed="0" skipped="0">
  <reporter-output>
  </reporter-output>
  <suite started-at="2021-12-08T08:53:44Z" name="Surefire suite" finished-at="2021-12-08T08:53:57Z" duration-ms="12814">
    <groups>
    </groups>
    <test started-at="2021-12-08T08:53:44Z" name="Surefire test" finished-at="2021-12-08T08:53:57Z" duration-ms="12814">
      <class name="com.Automation.Test.LoginTest">
        <test-method is-config="true" signature="setUp()[pri:0, instance:com.Automation.Test.LoginTest@31304f14]" started-at="2021-12-08T08:53:44Z" name="setUp" finished-at="2021-12-08T08:53:45Z" duration-ms="1608" status="PASS">
          <reporter-output>
          </reporter-output>
        </test-method> <!-- setUp -->
        <test-method signature="VerifyLogin()[pri:0, instance:com.Automation.Test.LoginTest@31304f14]" started-at="2021-12-08T08:53:45Z" name="VerifyLogin" finished-at="2021-12-08T08:53:57Z" duration-ms="11192" status="PASS">
          <reporter-output>
          </reporter-output>
        </test-method> <!-- VerifyLogin -->
      </class> <!-- com.Automation.Test.LoginTest -->
    </test> <!-- Surefire test -->
  </suite> <!-- Surefire suite -->
</testng-results>
